{"contracts/gov/Executor.sol":{"l":{},"path":"/src/contracts/gov/Executor.sol","s":{},"b":{},"f":{},"fnMap":{},"statementMap":{},"branchMap":{}},"contracts/incentives/DistributionManager.sol":{"l":{"33":0,"34":0,"38":0,"43":0,"44":0,"49":0,"54":0,"59":0,"64":0,"74":0,"75":0,"77":0,"83":0,"85":0,"104":0,"105":0,"106":0,"108":0,"109":0,"112":0,"115":0,"116":0,"118":0,"119":0,"120":0,"122":0,"125":0,"142":0,"143":0,"144":0,"146":0,"148":0,"149":0,"150":0,"153":0,"154":0,"157":0,"170":0,"172":0,"173":0,"183":0,"197":0,"199":0,"200":0,"201":0,"209":0,"213":0,"228":0,"245":0,"246":0,"252":0,"255":0,"257":0,"258":0},"path":"/src/contracts/incentives/DistributionManager.sol","s":{"1":0,"2":0,"3":0,"4":0,"5":0,"6":0,"7":0,"8":0,"9":0,"10":0,"11":0,"12":0,"13":0,"14":0,"15":0,"16":0,"17":0,"18":0,"19":0,"20":0,"21":0,"22":0,"23":0,"24":0,"25":0,"26":0,"27":0,"28":0,"29":0,"30":0,"31":0,"32":0,"33":0,"34":0,"35":0,"36":0,"37":0,"38":0,"39":0,"40":0,"41":0,"42":0,"43":0,"44":0,"45":0,"46":0,"47":0,"48":0,"49":0,"50":0,"51":0,"52":0,"53":0},"b":{"1":[0,0],"2":[0,0],"3":[0,0],"4":[0,0],"5":[0,0],"6":[0,0],"7":[0,0]},"f":{"1":0,"2":0,"3":0,"4":0,"5":0,"6":0,"7":0,"8":0,"9":0,"10":0,"11":0,"12":0,"13":0,"14":0},"fnMap":{"1":{"name":"onlyEmissionManager","line":32,"loc":{"start":{"line":32,"column":2},"end":{"line":35,"column":2}}},"2":{"name":"constructor","line":37,"loc":{"start":{"line":37,"column":2},"end":{"line":39,"column":2}}},"3":{"name":"setDistributionEnd","line":42,"loc":{"start":{"line":42,"column":2},"end":{"line":45,"column":2}}},"4":{"name":"getDistributionEnd","line":48,"loc":{"start":{"line":48,"column":2},"end":{"line":50,"column":2}}},"5":{"name":"DISTRIBUTION_END","line":53,"loc":{"start":{"line":53,"column":2},"end":{"line":55,"column":2}}},"6":{"name":"getUserAssetData","line":58,"loc":{"start":{"line":58,"column":2},"end":{"line":60,"column":2}}},"7":{"name":"getAssetData","line":63,"loc":{"start":{"line":63,"column":2},"end":{"line":65,"column":2}}},"8":{"name":"_configureAssets","line":71,"loc":{"start":{"line":71,"column":2},"end":{"line":90,"column":2}}},"9":{"name":"_updateAssetStateInternal","line":99,"loc":{"start":{"line":99,"column":2},"end":{"line":126,"column":2}}},"10":{"name":"_updateUserAssetInternal","line":136,"loc":{"start":{"line":136,"column":2},"end":{"line":158,"column":2}}},"11":{"name":"_claimRewards","line":166,"loc":{"start":{"line":166,"column":2},"end":{"line":184,"column":2}}},"12":{"name":"_getUnclaimedRewards","line":192,"loc":{"start":{"line":192,"column":2},"end":{"line":214,"column":2}}},"13":{"name":"_getRewards","line":223,"loc":{"start":{"line":223,"column":2},"end":{"line":229,"column":2}}},"14":{"name":"_getAssetIndex","line":239,"loc":{"start":{"line":239,"column":2},"end":{"line":262,"column":2}}}},"statementMap":{"1":{"start":{"line":33,"column":4},"end":{"line":33,"column":67}},"2":{"start":{"line":38,"column":4},"end":{"line":38,"column":37}},"3":{"start":{"line":43,"column":4},"end":{"line":43,"column":37}},"4":{"start":{"line":44,"column":4},"end":{"line":44,"column":48}},"5":{"start":{"line":49,"column":4},"end":{"line":49,"column":27}},"6":{"start":{"line":54,"column":4},"end":{"line":54,"column":27}},"7":{"start":{"line":59,"column":4},"end":{"line":59,"column":36}},"8":{"start":{"line":64,"column":4},"end":{"line":64,"column":100}},"9":{"start":{"line":74,"column":4},"end":{"line":74,"column":2251}},"10":{"start":{"line":75,"column":6},"end":{"line":75,"column":82}},"11":{"start":{"line":77,"column":6},"end":{"line":77,"column":2401}},"12":{"start":{"line":83,"column":6},"end":{"line":83,"column":75}},"13":{"start":{"line":85,"column":6},"end":{"line":85,"column":2632}},"14":{"start":{"line":104,"column":4},"end":{"line":104,"column":40}},"15":{"start":{"line":105,"column":4},"end":{"line":105,"column":61}},"16":{"start":{"line":106,"column":4},"end":{"line":106,"column":65}},"17":{"start":{"line":108,"column":4},"end":{"line":108,"column":3433}},"18":{"start":{"line":109,"column":6},"end":{"line":109,"column":21}},"19":{"start":{"line":112,"column":4},"end":{"line":112,"column":3592}},"20":{"start":{"line":115,"column":4},"end":{"line":115,"column":3622}},"21":{"start":{"line":116,"column":6},"end":{"line":116,"column":61}},"22":{"start":{"line":118,"column":6},"end":{"line":118,"column":42}},"23":{"start":{"line":119,"column":6},"end":{"line":119,"column":62}},"24":{"start":{"line":120,"column":6},"end":{"line":120,"column":45}},"25":{"start":{"line":122,"column":6},"end":{"line":122,"column":62}},"26":{"start":{"line":125,"column":4},"end":{"line":125,"column":19}},"27":{"start":{"line":142,"column":4},"end":{"line":142,"column":47}},"28":{"start":{"line":143,"column":4},"end":{"line":143,"column":45}},"29":{"start":{"line":144,"column":4},"end":{"line":144,"column":30}},"30":{"start":{"line":146,"column":4},"end":{"line":146,"column":79}},"31":{"start":{"line":148,"column":4},"end":{"line":148,"column":4820}},"32":{"start":{"line":149,"column":6},"end":{"line":149,"column":4857}},"33":{"start":{"line":150,"column":8},"end":{"line":150,"column":70}},"34":{"start":{"line":153,"column":6},"end":{"line":153,"column":37}},"35":{"start":{"line":154,"column":6},"end":{"line":154,"column":50}},"36":{"start":{"line":157,"column":4},"end":{"line":157,"column":25}},"37":{"start":{"line":170,"column":4},"end":{"line":170,"column":30}},"38":{"start":{"line":172,"column":4},"end":{"line":172,"column":5558}},"39":{"start":{"line":173,"column":6},"end":{"line":173,"column":5612}},"40":{"start":{"line":183,"column":4},"end":{"line":183,"column":25}},"41":{"start":{"line":197,"column":4},"end":{"line":197,"column":30}},"42":{"start":{"line":199,"column":4},"end":{"line":199,"column":6308}},"43":{"start":{"line":200,"column":6},"end":{"line":200,"column":71}},"44":{"start":{"line":201,"column":6},"end":{"line":201,"column":6438}},"45":{"start":{"line":209,"column":6},"end":{"line":209,"column":6643}},"46":{"start":{"line":213,"column":4},"end":{"line":213,"column":25}},"47":{"start":{"line":228,"column":4},"end":{"line":228,"column":89}},"48":{"start":{"line":245,"column":4},"end":{"line":245,"column":46}},"49":{"start":{"line":246,"column":4},"end":{"line":246,"column":8068}},"50":{"start":{"line":252,"column":6},"end":{"line":252,"column":25}},"51":{"start":{"line":255,"column":4},"end":{"line":255,"column":8342}},"52":{"start":{"line":257,"column":4},"end":{"line":257,"column":65}},"53":{"start":{"line":258,"column":4},"end":{"line":258,"column":8449}}},"branchMap":{"1":{"line":33,"type":"if","locations":[{"start":{"line":33,"column":4},"end":{"line":33,"column":4}},{"start":{"line":33,"column":4},"end":{"line":33,"column":4}}]},"2":{"line":108,"type":"if","locations":[{"start":{"line":108,"column":4},"end":{"line":108,"column":4}},{"start":{"line":108,"column":4},"end":{"line":108,"column":4}}]},"3":{"line":115,"type":"if","locations":[{"start":{"line":115,"column":4},"end":{"line":115,"column":4}},{"start":{"line":115,"column":4},"end":{"line":115,"column":4}}]},"4":{"line":116,"type":"if","locations":[{"start":{"line":116,"column":6},"end":{"line":116,"column":6}},{"start":{"line":116,"column":6},"end":{"line":116,"column":6}}]},"5":{"line":148,"type":"if","locations":[{"start":{"line":148,"column":4},"end":{"line":148,"column":4}},{"start":{"line":148,"column":4},"end":{"line":148,"column":4}}]},"6":{"line":149,"type":"if","locations":[{"start":{"line":149,"column":6},"end":{"line":149,"column":6}},{"start":{"line":149,"column":6},"end":{"line":149,"column":6}}]},"7":{"line":246,"type":"if","locations":[{"start":{"line":246,"column":4},"end":{"line":246,"column":4}},{"start":{"line":246,"column":4},"end":{"line":246,"column":4}}]}}},"contracts/incentives/StakedTokenIncentivesController.sol":{"l":{"41":0,"42":0,"48":0,"57":0,"66":0,"68":0,"71":0,"72":0,"73":0,"75":0,"77":0,"79":0,"88":0,"89":0,"90":0,"91":0,"102":0,"104":0,"106":0,"107":0,"108":0,"111":0,"112":0,"121":0,"122":0,"132":0,"133":0,"134":0,"147":0,"148":0,"153":0,"158":0,"163":0,"170":0,"187":0,"188":0,"190":0,"192":0,"194":0,"195":0,"196":0,"200":0,"201":0,"202":0,"203":0,"206":0,"207":0,"210":0,"211":0,"213":0,"214":0,"216":0},"path":"/src/contracts/incentives/StakedTokenIncentivesController.sol","s":{"1":0,"2":0,"3":0,"4":0,"5":0,"6":0,"7":0,"8":0,"9":0,"10":0,"11":0,"12":0,"13":0,"14":0,"15":0,"16":0,"17":0,"18":0,"19":0,"20":0,"21":0,"22":0,"23":0,"24":0,"25":0,"26":0,"27":0,"28":0,"29":0,"30":0,"31":0,"32":0,"33":0,"34":0,"35":0,"36":0,"37":0,"38":0,"39":0,"40":0,"41":0,"42":0,"43":0,"44":0,"45":0,"46":0,"47":0,"48":0,"49":0,"50":0,"51":0},"b":{"1":[0,0],"2":[0,0],"3":[0,0],"4":[0,0],"5":[0,0],"6":[0,0],"7":[0,0],"8":[0,0],"9":[0,0],"10":[0,0]},"f":{"1":0,"2":0,"3":0,"4":0,"5":0,"6":0,"7":0,"8":0,"9":0,"10":0,"11":0,"12":0,"13":0,"14":0},"fnMap":{"1":{"name":"onlyAuthorizedClaimers","line":40,"loc":{"start":{"line":40,"column":2},"end":{"line":43,"column":2}}},"2":{"name":"constructor","line":46,"loc":{"start":{"line":45,"column":2},"end":{"line":49,"column":2}}},"3":{"name":"initialize","line":55,"loc":{"start":{"line":55,"column":2},"end":{"line":58,"column":2}}},"4":{"name":"configureAssets","line":64,"loc":{"start":{"line":61,"column":2},"end":{"line":80,"column":2}}},"5":{"name":"handleAction","line":83,"loc":{"start":{"line":83,"column":2},"end":{"line":93,"column":2}}},"6":{"name":"getRewardsBalance","line":96,"loc":{"start":{"line":96,"column":2},"end":{"line":113,"column":2}}},"7":{"name":"claimRewards","line":116,"loc":{"start":{"line":116,"column":2},"end":{"line":123,"column":2}}},"8":{"name":"claimRewardsOnBehalf","line":131,"loc":{"start":{"line":126,"column":2},"end":{"line":135,"column":2}}},"9":{"name":"setClaimer","line":146,"loc":{"start":{"line":146,"column":2},"end":{"line":149,"column":2}}},"10":{"name":"getClaimer","line":152,"loc":{"start":{"line":152,"column":2},"end":{"line":154,"column":2}}},"11":{"name":"getUserUnclaimedRewards","line":157,"loc":{"start":{"line":157,"column":2},"end":{"line":159,"column":2}}},"12":{"name":"REWARD_TOKEN","line":162,"loc":{"start":{"line":162,"column":2},"end":{"line":164,"column":2}}},"13":{"name":"getRevision","line":169,"loc":{"start":{"line":169,"column":2},"end":{"line":171,"column":2}}},"14":{"name":"_claimRewards","line":180,"loc":{"start":{"line":180,"column":2},"end":{"line":217,"column":2}}}},"statementMap":{"1":{"start":{"line":41,"column":4},"end":{"line":41,"column":72}},"2":{"start":{"line":48,"column":4},"end":{"line":48,"column":27}},"3":{"start":{"line":57,"column":4},"end":{"line":57,"column":90}},"4":{"start":{"line":66,"column":4},"end":{"line":66,"column":79}},"5":{"start":{"line":68,"column":4},"end":{"line":68,"column":2738}},"6":{"start":{"line":71,"column":4},"end":{"line":71,"column":2808}},"7":{"start":{"line":72,"column":6},"end":{"line":72,"column":48}},"8":{"start":{"line":73,"column":6},"end":{"line":73,"column":71}},"9":{"start":{"line":75,"column":6},"end":{"line":75,"column":97}},"10":{"start":{"line":77,"column":6},"end":{"line":77,"column":85}},"11":{"start":{"line":79,"column":4},"end":{"line":79,"column":33}},"12":{"start":{"line":88,"column":4},"end":{"line":88,"column":97}},"13":{"start":{"line":89,"column":4},"end":{"line":89,"column":3479}},"14":{"start":{"line":90,"column":6},"end":{"line":90,"column":84}},"15":{"start":{"line":91,"column":6},"end":{"line":91,"column":47}},"16":{"start":{"line":102,"column":4},"end":{"line":102,"column":59}},"17":{"start":{"line":104,"column":4},"end":{"line":104,"column":3949}},"18":{"start":{"line":106,"column":4},"end":{"line":106,"column":4013}},"19":{"start":{"line":107,"column":6},"end":{"line":107,"column":45}},"20":{"start":{"line":108,"column":6},"end":{"line":108,"column":4152}},"21":{"start":{"line":111,"column":4},"end":{"line":111,"column":81}},"22":{"start":{"line":112,"column":4},"end":{"line":112,"column":27}},"23":{"start":{"line":121,"column":4},"end":{"line":121,"column":50}},"24":{"start":{"line":122,"column":4},"end":{"line":122,"column":68}},"25":{"start":{"line":132,"column":4},"end":{"line":132,"column":54}},"26":{"start":{"line":133,"column":4},"end":{"line":133,"column":50}},"27":{"start":{"line":134,"column":4},"end":{"line":134,"column":62}},"28":{"start":{"line":147,"column":4},"end":{"line":147,"column":37}},"29":{"start":{"line":148,"column":4},"end":{"line":148,"column":33}},"30":{"start":{"line":153,"column":4},"end":{"line":153,"column":36}},"31":{"start":{"line":158,"column":4},"end":{"line":158,"column":40}},"32":{"start":{"line":163,"column":4},"end":{"line":163,"column":31}},"33":{"start":{"line":170,"column":4},"end":{"line":170,"column":19}},"34":{"start":{"line":187,"column":4},"end":{"line":187,"column":6788}},"35":{"start":{"line":188,"column":6},"end":{"line":188,"column":14}},"36":{"start":{"line":190,"column":4},"end":{"line":190,"column":59}},"37":{"start":{"line":192,"column":4},"end":{"line":192,"column":6950}},"38":{"start":{"line":194,"column":4},"end":{"line":194,"column":7014}},"39":{"start":{"line":195,"column":6},"end":{"line":195,"column":45}},"40":{"start":{"line":196,"column":6},"end":{"line":196,"column":7153}},"41":{"start":{"line":200,"column":4},"end":{"line":200,"column":59}},"42":{"start":{"line":201,"column":4},"end":{"line":201,"column":7319}},"43":{"start":{"line":202,"column":6},"end":{"line":202,"column":60}},"44":{"start":{"line":203,"column":6},"end":{"line":203,"column":47}},"45":{"start":{"line":206,"column":4},"end":{"line":206,"column":7469}},"46":{"start":{"line":207,"column":6},"end":{"line":207,"column":14}},"47":{"start":{"line":210,"column":4},"end":{"line":210,"column":81}},"48":{"start":{"line":211,"column":4},"end":{"line":211,"column":66}},"49":{"start":{"line":213,"column":4},"end":{"line":213,"column":39}},"50":{"start":{"line":214,"column":4},"end":{"line":214,"column":57}},"51":{"start":{"line":216,"column":4},"end":{"line":216,"column":24}}},"branchMap":{"1":{"line":41,"type":"if","locations":[{"start":{"line":41,"column":4},"end":{"line":41,"column":4}},{"start":{"line":41,"column":4},"end":{"line":41,"column":4}}]},"2":{"line":66,"type":"if","locations":[{"start":{"line":66,"column":4},"end":{"line":66,"column":4}},{"start":{"line":66,"column":4},"end":{"line":66,"column":4}}]},"3":{"line":75,"type":"if","locations":[{"start":{"line":75,"column":6},"end":{"line":75,"column":6}},{"start":{"line":75,"column":6},"end":{"line":75,"column":6}}]},"4":{"line":89,"type":"if","locations":[{"start":{"line":89,"column":4},"end":{"line":89,"column":4}},{"start":{"line":89,"column":4},"end":{"line":89,"column":4}}]},"5":{"line":121,"type":"if","locations":[{"start":{"line":121,"column":4},"end":{"line":121,"column":4}},{"start":{"line":121,"column":4},"end":{"line":121,"column":4}}]},"6":{"line":132,"type":"if","locations":[{"start":{"line":132,"column":4},"end":{"line":132,"column":4}},{"start":{"line":132,"column":4},"end":{"line":132,"column":4}}]},"7":{"line":133,"type":"if","locations":[{"start":{"line":133,"column":4},"end":{"line":133,"column":4}},{"start":{"line":133,"column":4},"end":{"line":133,"column":4}}]},"8":{"line":187,"type":"if","locations":[{"start":{"line":187,"column":4},"end":{"line":187,"column":4}},{"start":{"line":187,"column":4},"end":{"line":187,"column":4}}]},"9":{"line":201,"type":"if","locations":[{"start":{"line":201,"column":4},"end":{"line":201,"column":4}},{"start":{"line":201,"column":4},"end":{"line":201,"column":4}}]},"10":{"line":206,"type":"if","locations":[{"start":{"line":206,"column":4},"end":{"line":206,"column":4}},{"start":{"line":206,"column":4},"end":{"line":206,"column":4}}]}}},"contracts/lending-pool/AaveProtocolDataProvider.sol":{"l":{},"path":"/src/contracts/lending-pool/AaveProtocolDataProvider.sol","s":{},"b":{},"f":{},"fnMap":{},"statementMap":{},"branchMap":{}},"contracts/lending-pool/AToken.sol":{"l":{},"path":"/src/contracts/lending-pool/AToken.sol","s":{},"b":{},"f":{},"fnMap":{},"statementMap":{},"branchMap":{}},"contracts/lending-pool/VariableDebtToken.sol":{"l":{},"path":"/src/contracts/lending-pool/VariableDebtToken.sol","s":{},"b":{},"f":{},"fnMap":{},"statementMap":{},"branchMap":{}},"contracts/lib/DistributionTypes.sol":{"l":{},"path":"/src/contracts/lib/DistributionTypes.sol","s":{},"b":{},"f":{},"fnMap":{},"statementMap":{},"branchMap":{}},"contracts/lib/SafeMath.sol":{"l":{"14":0,"22":0,"30":0,"35":0},"path":"/src/contracts/lib/SafeMath.sol","s":{"1":0,"2":0,"3":0,"4":0},"b":{"1":[0,0],"2":[0,0],"3":[0,0]},"f":{"1":0,"2":0,"3":0,"4":0},"fnMap":{"1":{"name":"add","line":13,"loc":{"start":{"line":13,"column":4},"end":{"line":15,"column":4}}},"2":{"name":"sub","line":21,"loc":{"start":{"line":21,"column":4},"end":{"line":23,"column":4}}},"3":{"name":"mul","line":29,"loc":{"start":{"line":29,"column":4},"end":{"line":31,"column":4}}},"4":{"name":"div","line":33,"loc":{"start":{"line":33,"column":4},"end":{"line":36,"column":4}}}},"statementMap":{"1":{"start":{"line":14,"column":8},"end":{"line":14,"column":32}},"2":{"start":{"line":22,"column":8},"end":{"line":22,"column":32}},"3":{"start":{"line":30,"column":8},"end":{"line":30,"column":46}},"4":{"start":{"line":35,"column":8},"end":{"line":35,"column":20}}},"branchMap":{"1":{"line":14,"type":"if","locations":[{"start":{"line":14,"column":8},"end":{"line":14,"column":8}},{"start":{"line":14,"column":8},"end":{"line":14,"column":8}}]},"2":{"line":22,"type":"if","locations":[{"start":{"line":22,"column":8},"end":{"line":22,"column":8}},{"start":{"line":22,"column":8},"end":{"line":22,"column":8}}]},"3":{"line":30,"type":"if","locations":[{"start":{"line":30,"column":8},"end":{"line":30,"column":8}},{"start":{"line":30,"column":8},"end":{"line":30,"column":8}}]}}},"contracts/proposals/ProposalIncentivesExecutor.sol":{"l":{"37":0,"39":0,"42":0,"52":0,"54":0,"55":0,"56":0,"57":0,"58":0,"59":0,"60":0,"61":0,"62":0,"63":0,"64":0,"65":0,"67":0,"68":0,"70":0,"73":0,"76":0,"79":0,"81":0,"88":0,"89":0,"93":0,"97":0,"101":0,"104":0,"106":0,"109":0,"113":0,"120":0,"123":0},"path":"/src/contracts/proposals/ProposalIncentivesExecutor.sol","s":{"1":0,"2":0,"3":0,"4":0,"5":0,"6":0,"7":0,"8":0,"9":0,"10":0,"11":0,"12":0,"13":0,"14":0,"15":0,"16":0,"17":0,"18":0,"19":0,"20":0,"21":0,"22":0,"23":0,"24":0,"25":0,"26":0,"27":0,"28":0,"29":0,"30":0,"31":0,"32":0,"33":0,"34":0},"b":{"1":[0,0],"2":[0,0],"3":[0,0]},"f":{"1":0},"fnMap":{"1":{"name":"execute","line":33,"loc":{"start":{"line":33,"column":2},"end":{"line":124,"column":2}}}},"statementMap":{"1":{"start":{"line":37,"column":4},"end":{"line":37,"column":25}},"2":{"start":{"line":39,"column":4},"end":{"line":39,"column":47}},"3":{"start":{"line":42,"column":4},"end":{"line":42,"column":2154}},"4":{"start":{"line":52,"column":4},"end":{"line":52,"column":50}},"5":{"start":{"line":54,"column":4},"end":{"line":54,"column":34}},"6":{"start":{"line":55,"column":4},"end":{"line":55,"column":34}},"7":{"start":{"line":56,"column":4},"end":{"line":56,"column":32}},"8":{"start":{"line":57,"column":4},"end":{"line":57,"column":32}},"9":{"start":{"line":58,"column":4},"end":{"line":58,"column":34}},"10":{"start":{"line":59,"column":4},"end":{"line":59,"column":34}},"11":{"start":{"line":60,"column":4},"end":{"line":60,"column":34}},"12":{"start":{"line":61,"column":4},"end":{"line":61,"column":34}},"13":{"start":{"line":62,"column":4},"end":{"line":62,"column":34}},"14":{"start":{"line":63,"column":4},"end":{"line":63,"column":33}},"15":{"start":{"line":64,"column":4},"end":{"line":64,"column":35}},"16":{"start":{"line":65,"column":4},"end":{"line":65,"column":34}},"17":{"start":{"line":67,"column":4},"end":{"line":67,"column":91}},"18":{"start":{"line":68,"column":4},"end":{"line":68,"column":3289}},"19":{"start":{"line":70,"column":4},"end":{"line":70,"column":3402}},"20":{"start":{"line":73,"column":4},"end":{"line":73,"column":94}},"21":{"start":{"line":76,"column":4},"end":{"line":76,"column":95}},"22":{"start":{"line":79,"column":4},"end":{"line":79,"column":101}},"23":{"start":{"line":81,"column":4},"end":{"line":81,"column":3915}},"24":{"start":{"line":88,"column":4},"end":{"line":88,"column":4213}},"25":{"start":{"line":89,"column":6},"end":{"line":89,"column":4269}},"26":{"start":{"line":93,"column":6},"end":{"line":93,"column":4429}},"27":{"start":{"line":97,"column":6},"end":{"line":97,"column":4659}},"28":{"start":{"line":101,"column":6},"end":{"line":101,"column":73}},"29":{"start":{"line":104,"column":6},"end":{"line":104,"column":90}},"30":{"start":{"line":106,"column":6},"end":{"line":106,"column":56}},"31":{"start":{"line":109,"column":6},"end":{"line":109,"column":67}},"32":{"start":{"line":113,"column":4},"end":{"line":113,"column":5204}},"33":{"start":{"line":120,"column":4},"end":{"line":120,"column":58}},"34":{"start":{"line":123,"column":4},"end":{"line":123,"column":83}}},"branchMap":{"1":{"line":81,"type":"if","locations":[{"start":{"line":81,"column":4},"end":{"line":81,"column":4}},{"start":{"line":81,"column":4},"end":{"line":81,"column":4}}]},"2":{"line":89,"type":"if","locations":[{"start":{"line":89,"column":6},"end":{"line":89,"column":6}},{"start":{"line":89,"column":6},"end":{"line":89,"column":6}}]},"3":{"line":93,"type":"if","locations":[{"start":{"line":93,"column":6},"end":{"line":93,"column":6}},{"start":{"line":93,"column":6},"end":{"line":93,"column":6}}]}}},"contracts/stake/StakedAaveV3.sol":{"l":{},"path":"/src/contracts/stake/StakedAaveV3.sol","s":{},"b":{},"f":{},"fnMap":{},"statementMap":{},"branchMap":{}},"contracts/utils/Context.sol":{"l":{"18":0,"22":0,"23":0},"path":"/src/contracts/utils/Context.sol","s":{"1":0,"2":0},"b":{},"f":{"1":0,"2":0},"fnMap":{"1":{"name":"_msgSender","line":17,"loc":{"start":{"line":17,"column":2},"end":{"line":19,"column":2}}},"2":{"name":"_msgData","line":21,"loc":{"start":{"line":21,"column":2},"end":{"line":24,"column":2}}}},"statementMap":{"1":{"start":{"line":18,"column":4},"end":{"line":18,"column":21}},"2":{"start":{"line":23,"column":4},"end":{"line":23,"column":19}}},"branchMap":{}},"contracts/utils/DataTypes.sol":{"l":{},"path":"/src/contracts/utils/DataTypes.sol","s":{},"b":{},"f":{},"fnMap":{},"statementMap":{},"branchMap":{}},"contracts/utils/InitializableAdminUpgradeabilityProxy.sol.sol":{"l":{},"path":"/src/contracts/utils/InitializableAdminUpgradeabilityProxy.sol.sol","s":{},"b":{},"f":{},"fnMap":{},"statementMap":{},"branchMap":{}},"contracts/utils/MintableErc20.sol":{"l":{"19":0,"20":0,"35":0},"path":"/src/contracts/utils/MintableErc20.sol","s":{"1":0,"2":0,"3":0},"b":{},"f":{"1":0,"2":0,"3":0},"fnMap":{"1":{"name":"constructor","line":11,"loc":{"start":{"line":11,"column":2},"end":{"line":11,"column":84}}},"2":{"name":"mint","line":18,"loc":{"start":{"line":18,"column":2},"end":{"line":21,"column":2}}},"3":{"name":"permit","line":26,"loc":{"start":{"line":26,"column":2},"end":{"line":36,"column":2}}}},"statementMap":{"1":{"start":{"line":19,"column":4},"end":{"line":19,"column":27}},"2":{"start":{"line":20,"column":4},"end":{"line":20,"column":15}},"3":{"start":{"line":35,"column":4},"end":{"line":35,"column":34}}},"branchMap":{}},"contracts/utils/PercentageMath.sol":{"l":{"23":0,"24":0,"27":0,"32":0,"42":0,"43":0,"45":0,"50":0},"path":"/src/contracts/utils/PercentageMath.sol","s":{"1":0,"2":0,"3":0,"4":0,"5":0,"6":0,"7":0,"8":0},"b":{"1":[0,0],"2":[0,0],"3":[0,0],"4":[0,0]},"f":{"1":0,"2":0},"fnMap":{"1":{"name":"percentMul","line":22,"loc":{"start":{"line":22,"column":2},"end":{"line":33,"column":2}}},"2":{"name":"percentDiv","line":41,"loc":{"start":{"line":41,"column":2},"end":{"line":51,"column":2}}}},"statementMap":{"1":{"start":{"line":23,"column":4},"end":{"line":23,"column":852}},"2":{"start":{"line":24,"column":6},"end":{"line":24,"column":14}},"3":{"start":{"line":27,"column":4},"end":{"line":27,"column":916}},"4":{"start":{"line":32,"column":4},"end":{"line":32,"column":66}},"5":{"start":{"line":42,"column":4},"end":{"line":42,"column":52}},"6":{"start":{"line":43,"column":4},"end":{"line":43,"column":43}},"7":{"start":{"line":45,"column":4},"end":{"line":45,"column":1546}},"8":{"start":{"line":50,"column":4},"end":{"line":50,"column":68}}},"branchMap":{"1":{"line":23,"type":"if","locations":[{"start":{"line":23,"column":4},"end":{"line":23,"column":4}},{"start":{"line":23,"column":4},"end":{"line":23,"column":4}}]},"2":{"line":27,"type":"if","locations":[{"start":{"line":27,"column":4},"end":{"line":27,"column":4}},{"start":{"line":27,"column":4},"end":{"line":27,"column":4}}]},"3":{"line":42,"type":"if","locations":[{"start":{"line":42,"column":4},"end":{"line":42,"column":4}},{"start":{"line":42,"column":4},"end":{"line":42,"column":4}}]},"4":{"line":45,"type":"if","locations":[{"start":{"line":45,"column":4},"end":{"line":45,"column":4}},{"start":{"line":45,"column":4},"end":{"line":45,"column":4}}]}}},"contracts/utils/SelfdestructTransfer.sol":{"l":{"6":0},"path":"/src/contracts/utils/SelfdestructTransfer.sol","s":{"1":0},"b":{},"f":{"1":0},"fnMap":{"1":{"name":"destroyAndTransfer","line":5,"loc":{"start":{"line":5,"column":2},"end":{"line":7,"column":2}}}},"statementMap":{"1":{"start":{"line":6,"column":4},"end":{"line":6,"column":19}}},"branchMap":{}},"contracts/utils/VersionedInitializable.sol":{"l":{"28":0,"29":0,"31":0,"33":0},"path":"/src/contracts/utils/VersionedInitializable.sol","s":{"1":0,"2":0,"3":0},"b":{"1":[0,0]},"f":{"1":0},"fnMap":{"1":{"name":"initializer","line":27,"loc":{"start":{"line":27,"column":2},"end":{"line":34,"column":2}}}},"statementMap":{"1":{"start":{"line":28,"column":4},"end":{"line":28,"column":36}},"2":{"start":{"line":29,"column":4},"end":{"line":29,"column":96}},"3":{"start":{"line":31,"column":4},"end":{"line":31,"column":37}}},"branchMap":{"1":{"line":29,"type":"if","locations":[{"start":{"line":29,"column":4},"end":{"line":29,"column":4}},{"start":{"line":29,"column":4},"end":{"line":29,"column":4}}]}}}}